<?xml version="1.0" encoding="UTF-8" ?>
<testsuite tests="14" failures="0" name="com.sludev.commons.vfs2.provider.s3.SS3FileProviderTest" time="0.921" errors="14" skipped="0">
  <properties>
    <property name="idea.version" value="2021.3"/>
    <property name="java.runtime.name" value="OpenJDK Runtime Environment"/>
    <property name="java.vm.version" value="11.0.13+8-LTS"/>
    <property name="sun.boot.library.path" value="D:\jdk-11.0.13+8\bin"/>
    <property name="maven.multiModuleProjectDirectory" value="D:\downloads\vfs-simple-s3-master\vfs-simple-s3-master\vfs-simple-s3"/>
    <property name="java.vm.vendor" value="Microsoft"/>
    <property name="java.vendor.url" value="https://www.microsoft.com"/>
    <property name="guice.disable.misplaced.annotation.check" value="true"/>
    <property name="path.separator" value=";"/>
    <property name="java.vm.name" value="OpenJDK 64-Bit Server VM"/>
    <property name="sun.os.patch.level" value=""/>
    <property name="user.script" value=""/>
    <property name="user.country" value="US"/>
    <property name="sun.java.launcher" value="SUN_STANDARD"/>
    <property name="java.vm.specification.name" value="Java Virtual Machine Specification"/>
    <property name="user.dir" value="D:\downloads\vfs-simple-s3-master\vfs-simple-s3-master\vfs-simple-s3"/>
    <property name="java.vm.compressedOopsMode" value="Zero based"/>
    <property name="java.runtime.version" value="11.0.13+8-LTS"/>
    <property name="java.awt.graphicsenv" value="sun.awt.Win32GraphicsEnvironment"/>
    <property name="os.arch" value="amd64"/>
    <property name="java.io.tmpdir" value="C:\Users\MOHAMM~1\AppData\Local\Temp\"/>
    <property name="line.separator" value="
"/>
    <property name="java.vm.specification.vendor" value="Oracle Corporation"/>
    <property name="user.variant" value=""/>
    <property name="os.name" value="Windows 10"/>
    <property name="maven.ext.class.path" value="D:\ideaIC-2021.3.win\plugins\maven\lib\maven-event-listener.jar"/>
    <property name="classworlds.conf" value="D:\ideaIC-2021.3.win\plugins\maven\lib\maven3\bin\m2.conf"/>
    <property name="sun.jnu.encoding" value="Cp1252"/>
    <property name="java.library.path" value="D:\jdk-11.0.13+8\bin;C:\Windows\Sun\Java\bin;C:\Windows\system32;C:\Windows;C:\Windows\system32;C:\Windows;C:\Windows\System32\Wbem;C:\Windows\System32\WindowsPowerShell\v1.0\;C:\Windows\System32\OpenSSH\;D:\jdk-11.0.13+8\bin;C:\Program Files\Git\cmd;C:\Users\MohammedSajidRizwan\AppData\Local\Microsoft\WindowsApps;;C:\Program Files\JetBrains\IntelliJ IDEA 2021.3\bin;;."/>
    <property name="maven.conf" value="D:\ideaIC-2021.3.win\plugins\maven\lib\maven3/conf"/>
    <property name="jdk.debug" value="release"/>
    <property name="java.class.version" value="55.0"/>
    <property name="java.specification.name" value="Java Platform API Specification"/>
    <property name="sun.management.compiler" value="HotSpot 64-Bit Tiered Compilers"/>
    <property name="os.version" value="10.0"/>
    <property name="user.home" value="C:\Users\MohammedSajidRizwan"/>
    <property name="user.timezone" value="Asia/Calcutta"/>
    <property name="java.awt.printerjob" value="sun.awt.windows.WPrinterJob"/>
    <property name="file.encoding" value="UTF-8"/>
    <property name="java.specification.version" value="11"/>
    <property name="user.name" value="MohammedSajidRizwan"/>
    <property name="java.class.path" value="D:\ideaIC-2021.3.win\plugins\maven\lib\maven3\boot\plexus-classworlds-2.6.0.jar;D:\ideaIC-2021.3.win\plugins\maven\lib\maven3\boot\plexus-classworlds.license"/>
    <property name="java.vm.specification.version" value="11"/>
    <property name="sun.arch.data.model" value="64"/>
    <property name="sun.java.command" value="org.codehaus.classworlds.Launcher -Didea.version=2021.3 install"/>
    <property name="java.home" value="D:\jdk-11.0.13+8"/>
    <property name="user.language" value="en"/>
    <property name="java.specification.vendor" value="Oracle Corporation"/>
    <property name="awt.toolkit" value="sun.awt.windows.WToolkit"/>
    <property name="java.vm.info" value="mixed mode"/>
    <property name="java.version" value="11.0.13"/>
    <property name="java.vendor" value="Microsoft"/>
    <property name="maven.home" value="D:\ideaIC-2021.3.win\plugins\maven\lib\maven3"/>
    <property name="file.separator" value="\"/>
    <property name="java.version.date" value="2021-10-19"/>
    <property name="java.vendor.url.bug" value="https://github.com/microsoft/openjdk/issues"/>
    <property name="sun.io.unicode.encoding" value="UnicodeLittle"/>
    <property name="sun.cpu.endian" value="little"/>
    <property name="java.vendor.version" value="Microsoft-27990"/>
    <property name="sun.desktop" value="windows"/>
    <property name="sun.cpu.isalist" value="amd64"/>
  </properties>
  <testcase classname="com.sludev.commons.vfs2.provider.s3.SS3FileProviderTest" name="A001_uploadFile" time="0.428">
    <error message="javax/xml/bind/DatatypeConverter" type="java.lang.NoClassDefFoundError">java.lang.NoClassDefFoundError: javax/xml/bind/DatatypeConverter
	at com.amazonaws.util.Base64.encodeAsString(Base64.java:36)
	at com.amazonaws.auth.AbstractAWSSigner.signAndBase64Encode(AbstractAWSSigner.java:68)
	at com.amazonaws.auth.AbstractAWSSigner.signAndBase64Encode(AbstractAWSSigner.java:57)
	at com.amazonaws.services.s3.internal.S3Signer.sign(S3Signer.java:173)
	at com.amazonaws.http.AmazonHttpClient.executeOneRequest(AmazonHttpClient.java:682)
	at com.amazonaws.http.AmazonHttpClient.executeHelper(AmazonHttpClient.java:462)
	at com.amazonaws.http.AmazonHttpClient.execute(AmazonHttpClient.java:297)
	at com.amazonaws.services.s3.AmazonS3Client.invoke(AmazonS3Client.java:3672)
	at com.amazonaws.services.s3.AmazonS3Client.getObject(AmazonS3Client.java:1160)
	at com.amazonaws.services.s3.AmazonS3Client.getObject(AmazonS3Client.java:1032)
	at com.sludev.commons.vfs2.provider.s3.SS3FileObject.objectExists(SS3FileObject.java:154)
	at com.sludev.commons.vfs2.provider.s3.SS3FileObject.doAttach(SS3FileObject.java:130)
	at org.apache.commons.vfs2.provider.AbstractFileObject.attach(AbstractFileObject.java:1505)
	at org.apache.commons.vfs2.provider.AbstractFileObject.getType(AbstractFileObject.java:489)
	at org.apache.commons.vfs2.provider.AbstractFileObject.exists(AbstractFileObject.java:477)
	at org.apache.commons.vfs2.provider.AbstractFileObject.copyFrom(AbstractFileObject.java:1040)
	at com.sludev.commons.vfs2.provider.s3.SS3TestUtils.uploadFile(SS3TestUtils.java:58)
	at com.sludev.commons.vfs2.provider.s3.SS3FileProviderTest.uploadFileSetup02(SS3FileProviderTest.java:401)
	at com.sludev.commons.vfs2.provider.s3.SS3FileProviderTest.setUp(SS3FileProviderTest.java:80)
	at java.base/jdk.internal.reflect.NativeMethodAccessorImpl.invoke0(Native Method)
	at java.base/jdk.internal.reflect.NativeMethodAccessorImpl.invoke(NativeMethodAccessorImpl.java:62)
	at java.base/jdk.internal.reflect.DelegatingMethodAccessorImpl.invoke(DelegatingMethodAccessorImpl.java:43)
	at java.base/java.lang.reflect.Method.invoke(Method.java:566)
	at org.junit.runners.model.FrameworkMethod$1.runReflectiveCall(FrameworkMethod.java:50)
	at org.junit.internal.runners.model.ReflectiveCallable.run(ReflectiveCallable.java:12)
	at org.junit.runners.model.FrameworkMethod.invokeExplosively(FrameworkMethod.java:47)
	at org.junit.internal.runners.statements.RunBefores.evaluate(RunBefores.java:24)
	at org.junit.internal.runners.statements.RunAfters.evaluate(RunAfters.java:27)
	at org.junit.rules.TestWatcher$1.evaluate(TestWatcher.java:55)
	at org.junit.rules.RunRules.evaluate(RunRules.java:20)
	at org.junit.runners.ParentRunner.runLeaf(ParentRunner.java:325)
	at org.junit.runners.BlockJUnit4ClassRunner.runChild(BlockJUnit4ClassRunner.java:78)
	at org.junit.runners.BlockJUnit4ClassRunner.runChild(BlockJUnit4ClassRunner.java:57)
	at org.junit.runners.ParentRunner$3.run(ParentRunner.java:290)
	at org.junit.runners.ParentRunner$1.schedule(ParentRunner.java:71)
	at org.junit.runners.ParentRunner.runChildren(ParentRunner.java:288)
	at org.junit.runners.ParentRunner.access$000(ParentRunner.java:58)
	at org.junit.runners.ParentRunner$2.evaluate(ParentRunner.java:268)
	at org.junit.internal.runners.statements.RunBefores.evaluate(RunBefores.java:26)
	at org.junit.internal.runners.statements.RunAfters.evaluate(RunAfters.java:27)
	at org.junit.runners.ParentRunner.run(ParentRunner.java:363)
	at org.apache.maven.surefire.junit4.JUnit4Provider.execute(JUnit4Provider.java:252)
	at org.apache.maven.surefire.junit4.JUnit4Provider.executeTestSet(JUnit4Provider.java:141)
	at org.apache.maven.surefire.junit4.JUnit4Provider.invoke(JUnit4Provider.java:112)
	at java.base/jdk.internal.reflect.NativeMethodAccessorImpl.invoke0(Native Method)
	at java.base/jdk.internal.reflect.NativeMethodAccessorImpl.invoke(NativeMethodAccessorImpl.java:62)
	at java.base/jdk.internal.reflect.DelegatingMethodAccessorImpl.invoke(DelegatingMethodAccessorImpl.java:43)
	at java.base/java.lang.reflect.Method.invoke(Method.java:566)
	at org.apache.maven.surefire.util.ReflectionUtils.invokeMethodWithArray(ReflectionUtils.java:189)
	at org.apache.maven.surefire.booter.ProviderFactory$ProviderProxy.invoke(ProviderFactory.java:165)
	at org.apache.maven.surefire.booter.ProviderFactory.invokeProvider(ProviderFactory.java:85)
	at org.apache.maven.surefire.booter.ForkedBooter.runSuitesInProcess(ForkedBooter.java:115)
	at org.apache.maven.surefire.booter.ForkedBooter.main(ForkedBooter.java:75)
Caused by: java.lang.ClassNotFoundException: javax.xml.bind.DatatypeConverter
	at java.base/jdk.internal.loader.BuiltinClassLoader.loadClass(BuiltinClassLoader.java:581)
	at java.base/jdk.internal.loader.ClassLoaders$AppClassLoader.loadClass(ClassLoaders.java:178)
	at java.base/java.lang.ClassLoader.loadClass(ClassLoader.java:522)
	... 53 more
</error>
    <system-out>00:21:37.779 [main] INFO  com.sludev.commons.vfs2.provider.s3.SS3TestWatcher - A001_uploadFile(com.sludev.commons.vfs2.provider.s3.SS3FileProviderTest) failed There were 2 errors:
  java.lang.NoClassDefFoundError(javax/xml/bind/DatatypeConverter)
  java.lang.NoClassDefFoundError(javax/xml/bind/DatatypeConverter)
</system-out>
  </testcase>
  <testcase classname="com.sludev.commons.vfs2.provider.s3.SS3FileProviderTest" name="A001_uploadFile" time="0.429">
    <error message="javax/xml/bind/DatatypeConverter" type="java.lang.NoClassDefFoundError">java.lang.NoClassDefFoundError: javax/xml/bind/DatatypeConverter
	at com.amazonaws.util.Base64.encodeAsString(Base64.java:36)
	at com.amazonaws.auth.AbstractAWSSigner.signAndBase64Encode(AbstractAWSSigner.java:68)
	at com.amazonaws.auth.AbstractAWSSigner.signAndBase64Encode(AbstractAWSSigner.java:57)
	at com.amazonaws.services.s3.internal.S3Signer.sign(S3Signer.java:173)
	at com.amazonaws.http.AmazonHttpClient.executeOneRequest(AmazonHttpClient.java:682)
	at com.amazonaws.http.AmazonHttpClient.executeHelper(AmazonHttpClient.java:462)
	at com.amazonaws.http.AmazonHttpClient.execute(AmazonHttpClient.java:297)
	at com.amazonaws.services.s3.AmazonS3Client.invoke(AmazonS3Client.java:3672)
	at com.amazonaws.services.s3.AmazonS3Client.getObject(AmazonS3Client.java:1160)
	at com.amazonaws.services.s3.AmazonS3Client.getObject(AmazonS3Client.java:1032)
	at com.sludev.commons.vfs2.provider.s3.SS3FileObject.objectExists(SS3FileObject.java:154)
	at com.sludev.commons.vfs2.provider.s3.SS3FileObject.doAttach(SS3FileObject.java:130)
	at org.apache.commons.vfs2.provider.AbstractFileObject.attach(AbstractFileObject.java:1505)
	at org.apache.commons.vfs2.provider.AbstractFileObject.getType(AbstractFileObject.java:489)
	at org.apache.commons.vfs2.provider.AbstractFileObject.exists(AbstractFileObject.java:477)
	at org.apache.commons.vfs2.provider.AbstractFileObject.findFiles(AbstractFileObject.java:1688)
	at org.apache.commons.vfs2.provider.AbstractFileObject.delete(AbstractFileObject.java:888)
	at org.apache.commons.vfs2.provider.AbstractFileObject.delete(AbstractFileObject.java:864)
	at com.sludev.commons.vfs2.provider.s3.SS3TestUtils.deleteFile(SS3TestUtils.java:79)
	at com.sludev.commons.vfs2.provider.s3.SS3FileProviderTest.removeFileSetup02(SS3FileProviderTest.java:439)
	at com.sludev.commons.vfs2.provider.s3.SS3FileProviderTest.tearDown(SS3FileProviderTest.java:101)
	at java.base/jdk.internal.reflect.NativeMethodAccessorImpl.invoke0(Native Method)
	at java.base/jdk.internal.reflect.NativeMethodAccessorImpl.invoke(NativeMethodAccessorImpl.java:62)
	at java.base/jdk.internal.reflect.DelegatingMethodAccessorImpl.invoke(DelegatingMethodAccessorImpl.java:43)
	at java.base/java.lang.reflect.Method.invoke(Method.java:566)
	at org.junit.runners.model.FrameworkMethod$1.runReflectiveCall(FrameworkMethod.java:50)
	at org.junit.internal.runners.model.ReflectiveCallable.run(ReflectiveCallable.java:12)
	at org.junit.runners.model.FrameworkMethod.invokeExplosively(FrameworkMethod.java:47)
	at org.junit.internal.runners.statements.RunAfters.evaluate(RunAfters.java:33)
	at org.junit.rules.TestWatcher$1.evaluate(TestWatcher.java:55)
	at org.junit.rules.RunRules.evaluate(RunRules.java:20)
	at org.junit.runners.ParentRunner.runLeaf(ParentRunner.java:325)
	at org.junit.runners.BlockJUnit4ClassRunner.runChild(BlockJUnit4ClassRunner.java:78)
	at org.junit.runners.BlockJUnit4ClassRunner.runChild(BlockJUnit4ClassRunner.java:57)
	at org.junit.runners.ParentRunner$3.run(ParentRunner.java:290)
	at org.junit.runners.ParentRunner$1.schedule(ParentRunner.java:71)
	at org.junit.runners.ParentRunner.runChildren(ParentRunner.java:288)
	at org.junit.runners.ParentRunner.access$000(ParentRunner.java:58)
	at org.junit.runners.ParentRunner$2.evaluate(ParentRunner.java:268)
	at org.junit.internal.runners.statements.RunBefores.evaluate(RunBefores.java:26)
	at org.junit.internal.runners.statements.RunAfters.evaluate(RunAfters.java:27)
	at org.junit.runners.ParentRunner.run(ParentRunner.java:363)
	at org.apache.maven.surefire.junit4.JUnit4Provider.execute(JUnit4Provider.java:252)
	at org.apache.maven.surefire.junit4.JUnit4Provider.executeTestSet(JUnit4Provider.java:141)
	at org.apache.maven.surefire.junit4.JUnit4Provider.invoke(JUnit4Provider.java:112)
	at java.base/jdk.internal.reflect.NativeMethodAccessorImpl.invoke0(Native Method)
	at java.base/jdk.internal.reflect.NativeMethodAccessorImpl.invoke(NativeMethodAccessorImpl.java:62)
	at java.base/jdk.internal.reflect.DelegatingMethodAccessorImpl.invoke(DelegatingMethodAccessorImpl.java:43)
	at java.base/java.lang.reflect.Method.invoke(Method.java:566)
	at org.apache.maven.surefire.util.ReflectionUtils.invokeMethodWithArray(ReflectionUtils.java:189)
	at org.apache.maven.surefire.booter.ProviderFactory$ProviderProxy.invoke(ProviderFactory.java:165)
	at org.apache.maven.surefire.booter.ProviderFactory.invokeProvider(ProviderFactory.java:85)
	at org.apache.maven.surefire.booter.ForkedBooter.runSuitesInProcess(ForkedBooter.java:115)
	at org.apache.maven.surefire.booter.ForkedBooter.main(ForkedBooter.java:75)
</error>
  </testcase>
  <testcase classname="com.sludev.commons.vfs2.provider.s3.SS3FileProviderTest" name="A002_downloadFile" time="0.004">
    <error message="javax/xml/bind/DatatypeConverter" type="java.lang.NoClassDefFoundError">java.lang.NoClassDefFoundError: javax/xml/bind/DatatypeConverter
	at com.amazonaws.util.Base64.encodeAsString(Base64.java:36)
	at com.amazonaws.auth.AbstractAWSSigner.signAndBase64Encode(AbstractAWSSigner.java:68)
	at com.amazonaws.auth.AbstractAWSSigner.signAndBase64Encode(AbstractAWSSigner.java:57)
	at com.amazonaws.services.s3.internal.S3Signer.sign(S3Signer.java:173)
	at com.amazonaws.http.AmazonHttpClient.executeOneRequest(AmazonHttpClient.java:682)
	at com.amazonaws.http.AmazonHttpClient.executeHelper(AmazonHttpClient.java:462)
	at com.amazonaws.http.AmazonHttpClient.execute(AmazonHttpClient.java:297)
	at com.amazonaws.services.s3.AmazonS3Client.invoke(AmazonS3Client.java:3672)
	at com.amazonaws.services.s3.AmazonS3Client.getObject(AmazonS3Client.java:1160)
	at com.amazonaws.services.s3.AmazonS3Client.getObject(AmazonS3Client.java:1032)
	at com.sludev.commons.vfs2.provider.s3.SS3FileObject.objectExists(SS3FileObject.java:154)
	at com.sludev.commons.vfs2.provider.s3.SS3FileObject.doAttach(SS3FileObject.java:130)
	at org.apache.commons.vfs2.provider.AbstractFileObject.attach(AbstractFileObject.java:1505)
	at org.apache.commons.vfs2.provider.AbstractFileObject.getType(AbstractFileObject.java:489)
	at org.apache.commons.vfs2.provider.AbstractFileObject.exists(AbstractFileObject.java:477)
	at org.apache.commons.vfs2.provider.AbstractFileObject.copyFrom(AbstractFileObject.java:1040)
	at com.sludev.commons.vfs2.provider.s3.SS3TestUtils.uploadFile(SS3TestUtils.java:58)
	at com.sludev.commons.vfs2.provider.s3.SS3FileProviderTest.uploadFileSetup02(SS3FileProviderTest.java:401)
	at com.sludev.commons.vfs2.provider.s3.SS3FileProviderTest.setUp(SS3FileProviderTest.java:80)
	at java.base/jdk.internal.reflect.NativeMethodAccessorImpl.invoke0(Native Method)
	at java.base/jdk.internal.reflect.NativeMethodAccessorImpl.invoke(NativeMethodAccessorImpl.java:62)
	at java.base/jdk.internal.reflect.DelegatingMethodAccessorImpl.invoke(DelegatingMethodAccessorImpl.java:43)
	at java.base/java.lang.reflect.Method.invoke(Method.java:566)
	at org.junit.runners.model.FrameworkMethod$1.runReflectiveCall(FrameworkMethod.java:50)
	at org.junit.internal.runners.model.ReflectiveCallable.run(ReflectiveCallable.java:12)
	at org.junit.runners.model.FrameworkMethod.invokeExplosively(FrameworkMethod.java:47)
	at org.junit.internal.runners.statements.RunBefores.evaluate(RunBefores.java:24)
	at org.junit.internal.runners.statements.RunAfters.evaluate(RunAfters.java:27)
	at org.junit.rules.TestWatcher$1.evaluate(TestWatcher.java:55)
	at org.junit.rules.RunRules.evaluate(RunRules.java:20)
	at org.junit.runners.ParentRunner.runLeaf(ParentRunner.java:325)
	at org.junit.runners.BlockJUnit4ClassRunner.runChild(BlockJUnit4ClassRunner.java:78)
	at org.junit.runners.BlockJUnit4ClassRunner.runChild(BlockJUnit4ClassRunner.java:57)
	at org.junit.runners.ParentRunner$3.run(ParentRunner.java:290)
	at org.junit.runners.ParentRunner$1.schedule(ParentRunner.java:71)
	at org.junit.runners.ParentRunner.runChildren(ParentRunner.java:288)
	at org.junit.runners.ParentRunner.access$000(ParentRunner.java:58)
	at org.junit.runners.ParentRunner$2.evaluate(ParentRunner.java:268)
	at org.junit.internal.runners.statements.RunBefores.evaluate(RunBefores.java:26)
	at org.junit.internal.runners.statements.RunAfters.evaluate(RunAfters.java:27)
	at org.junit.runners.ParentRunner.run(ParentRunner.java:363)
	at org.apache.maven.surefire.junit4.JUnit4Provider.execute(JUnit4Provider.java:252)
	at org.apache.maven.surefire.junit4.JUnit4Provider.executeTestSet(JUnit4Provider.java:141)
	at org.apache.maven.surefire.junit4.JUnit4Provider.invoke(JUnit4Provider.java:112)
	at java.base/jdk.internal.reflect.NativeMethodAccessorImpl.invoke0(Native Method)
	at java.base/jdk.internal.reflect.NativeMethodAccessorImpl.invoke(NativeMethodAccessorImpl.java:62)
	at java.base/jdk.internal.reflect.DelegatingMethodAccessorImpl.invoke(DelegatingMethodAccessorImpl.java:43)
	at java.base/java.lang.reflect.Method.invoke(Method.java:566)
	at org.apache.maven.surefire.util.ReflectionUtils.invokeMethodWithArray(ReflectionUtils.java:189)
	at org.apache.maven.surefire.booter.ProviderFactory$ProviderProxy.invoke(ProviderFactory.java:165)
	at org.apache.maven.surefire.booter.ProviderFactory.invokeProvider(ProviderFactory.java:85)
	at org.apache.maven.surefire.booter.ForkedBooter.runSuitesInProcess(ForkedBooter.java:115)
	at org.apache.maven.surefire.booter.ForkedBooter.main(ForkedBooter.java:75)
</error>
    <system-out>00:21:37.789 [main] INFO  com.sludev.commons.vfs2.provider.s3.SS3TestWatcher - A002_downloadFile(com.sludev.commons.vfs2.provider.s3.SS3FileProviderTest) failed There were 2 errors:
  java.lang.NoClassDefFoundError(javax/xml/bind/DatatypeConverter)
  java.lang.NoClassDefFoundError(javax/xml/bind/DatatypeConverter)
</system-out>
  </testcase>
  <testcase classname="com.sludev.commons.vfs2.provider.s3.SS3FileProviderTest" name="A002_downloadFile" time="0.005">
    <error message="javax/xml/bind/DatatypeConverter" type="java.lang.NoClassDefFoundError">java.lang.NoClassDefFoundError: javax/xml/bind/DatatypeConverter
	at com.amazonaws.util.Base64.encodeAsString(Base64.java:36)
	at com.amazonaws.auth.AbstractAWSSigner.signAndBase64Encode(AbstractAWSSigner.java:68)
	at com.amazonaws.auth.AbstractAWSSigner.signAndBase64Encode(AbstractAWSSigner.java:57)
	at com.amazonaws.services.s3.internal.S3Signer.sign(S3Signer.java:173)
	at com.amazonaws.http.AmazonHttpClient.executeOneRequest(AmazonHttpClient.java:682)
	at com.amazonaws.http.AmazonHttpClient.executeHelper(AmazonHttpClient.java:462)
	at com.amazonaws.http.AmazonHttpClient.execute(AmazonHttpClient.java:297)
	at com.amazonaws.services.s3.AmazonS3Client.invoke(AmazonS3Client.java:3672)
	at com.amazonaws.services.s3.AmazonS3Client.getObject(AmazonS3Client.java:1160)
	at com.amazonaws.services.s3.AmazonS3Client.getObject(AmazonS3Client.java:1032)
	at com.sludev.commons.vfs2.provider.s3.SS3FileObject.objectExists(SS3FileObject.java:154)
	at com.sludev.commons.vfs2.provider.s3.SS3FileObject.doAttach(SS3FileObject.java:130)
	at org.apache.commons.vfs2.provider.AbstractFileObject.attach(AbstractFileObject.java:1505)
	at org.apache.commons.vfs2.provider.AbstractFileObject.getType(AbstractFileObject.java:489)
	at org.apache.commons.vfs2.provider.AbstractFileObject.exists(AbstractFileObject.java:477)
	at org.apache.commons.vfs2.provider.AbstractFileObject.findFiles(AbstractFileObject.java:1688)
	at org.apache.commons.vfs2.provider.AbstractFileObject.delete(AbstractFileObject.java:888)
	at org.apache.commons.vfs2.provider.AbstractFileObject.delete(AbstractFileObject.java:864)
	at com.sludev.commons.vfs2.provider.s3.SS3TestUtils.deleteFile(SS3TestUtils.java:79)
	at com.sludev.commons.vfs2.provider.s3.SS3FileProviderTest.removeFileSetup02(SS3FileProviderTest.java:439)
	at com.sludev.commons.vfs2.provider.s3.SS3FileProviderTest.tearDown(SS3FileProviderTest.java:101)
	at java.base/jdk.internal.reflect.NativeMethodAccessorImpl.invoke0(Native Method)
	at java.base/jdk.internal.reflect.NativeMethodAccessorImpl.invoke(NativeMethodAccessorImpl.java:62)
	at java.base/jdk.internal.reflect.DelegatingMethodAccessorImpl.invoke(DelegatingMethodAccessorImpl.java:43)
	at java.base/java.lang.reflect.Method.invoke(Method.java:566)
	at org.junit.runners.model.FrameworkMethod$1.runReflectiveCall(FrameworkMethod.java:50)
	at org.junit.internal.runners.model.ReflectiveCallable.run(ReflectiveCallable.java:12)
	at org.junit.runners.model.FrameworkMethod.invokeExplosively(FrameworkMethod.java:47)
	at org.junit.internal.runners.statements.RunAfters.evaluate(RunAfters.java:33)
	at org.junit.rules.TestWatcher$1.evaluate(TestWatcher.java:55)
	at org.junit.rules.RunRules.evaluate(RunRules.java:20)
	at org.junit.runners.ParentRunner.runLeaf(ParentRunner.java:325)
	at org.junit.runners.BlockJUnit4ClassRunner.runChild(BlockJUnit4ClassRunner.java:78)
	at org.junit.runners.BlockJUnit4ClassRunner.runChild(BlockJUnit4ClassRunner.java:57)
	at org.junit.runners.ParentRunner$3.run(ParentRunner.java:290)
	at org.junit.runners.ParentRunner$1.schedule(ParentRunner.java:71)
	at org.junit.runners.ParentRunner.runChildren(ParentRunner.java:288)
	at org.junit.runners.ParentRunner.access$000(ParentRunner.java:58)
	at org.junit.runners.ParentRunner$2.evaluate(ParentRunner.java:268)
	at org.junit.internal.runners.statements.RunBefores.evaluate(RunBefores.java:26)
	at org.junit.internal.runners.statements.RunAfters.evaluate(RunAfters.java:27)
	at org.junit.runners.ParentRunner.run(ParentRunner.java:363)
	at org.apache.maven.surefire.junit4.JUnit4Provider.execute(JUnit4Provider.java:252)
	at org.apache.maven.surefire.junit4.JUnit4Provider.executeTestSet(JUnit4Provider.java:141)
	at org.apache.maven.surefire.junit4.JUnit4Provider.invoke(JUnit4Provider.java:112)
	at java.base/jdk.internal.reflect.NativeMethodAccessorImpl.invoke0(Native Method)
	at java.base/jdk.internal.reflect.NativeMethodAccessorImpl.invoke(NativeMethodAccessorImpl.java:62)
	at java.base/jdk.internal.reflect.DelegatingMethodAccessorImpl.invoke(DelegatingMethodAccessorImpl.java:43)
	at java.base/java.lang.reflect.Method.invoke(Method.java:566)
	at org.apache.maven.surefire.util.ReflectionUtils.invokeMethodWithArray(ReflectionUtils.java:189)
	at org.apache.maven.surefire.booter.ProviderFactory$ProviderProxy.invoke(ProviderFactory.java:165)
	at org.apache.maven.surefire.booter.ProviderFactory.invokeProvider(ProviderFactory.java:85)
	at org.apache.maven.surefire.booter.ForkedBooter.runSuitesInProcess(ForkedBooter.java:115)
	at org.apache.maven.surefire.booter.ForkedBooter.main(ForkedBooter.java:75)
</error>
  </testcase>
  <testcase classname="com.sludev.commons.vfs2.provider.s3.SS3FileProviderTest" name="A003_exist" time="0.006">
    <error message="javax/xml/bind/DatatypeConverter" type="java.lang.NoClassDefFoundError">java.lang.NoClassDefFoundError: javax/xml/bind/DatatypeConverter
	at com.amazonaws.util.Base64.encodeAsString(Base64.java:36)
	at com.amazonaws.auth.AbstractAWSSigner.signAndBase64Encode(AbstractAWSSigner.java:68)
	at com.amazonaws.auth.AbstractAWSSigner.signAndBase64Encode(AbstractAWSSigner.java:57)
	at com.amazonaws.services.s3.internal.S3Signer.sign(S3Signer.java:173)
	at com.amazonaws.http.AmazonHttpClient.executeOneRequest(AmazonHttpClient.java:682)
	at com.amazonaws.http.AmazonHttpClient.executeHelper(AmazonHttpClient.java:462)
	at com.amazonaws.http.AmazonHttpClient.execute(AmazonHttpClient.java:297)
	at com.amazonaws.services.s3.AmazonS3Client.invoke(AmazonS3Client.java:3672)
	at com.amazonaws.services.s3.AmazonS3Client.getObject(AmazonS3Client.java:1160)
	at com.amazonaws.services.s3.AmazonS3Client.getObject(AmazonS3Client.java:1032)
	at com.sludev.commons.vfs2.provider.s3.SS3FileObject.objectExists(SS3FileObject.java:154)
	at com.sludev.commons.vfs2.provider.s3.SS3FileObject.doAttach(SS3FileObject.java:130)
	at org.apache.commons.vfs2.provider.AbstractFileObject.attach(AbstractFileObject.java:1505)
	at org.apache.commons.vfs2.provider.AbstractFileObject.getType(AbstractFileObject.java:489)
	at org.apache.commons.vfs2.provider.AbstractFileObject.exists(AbstractFileObject.java:477)
	at org.apache.commons.vfs2.provider.AbstractFileObject.copyFrom(AbstractFileObject.java:1040)
	at com.sludev.commons.vfs2.provider.s3.SS3TestUtils.uploadFile(SS3TestUtils.java:58)
	at com.sludev.commons.vfs2.provider.s3.SS3FileProviderTest.uploadFileSetup02(SS3FileProviderTest.java:401)
	at com.sludev.commons.vfs2.provider.s3.SS3FileProviderTest.setUp(SS3FileProviderTest.java:80)
	at java.base/jdk.internal.reflect.NativeMethodAccessorImpl.invoke0(Native Method)
	at java.base/jdk.internal.reflect.NativeMethodAccessorImpl.invoke(NativeMethodAccessorImpl.java:62)
	at java.base/jdk.internal.reflect.DelegatingMethodAccessorImpl.invoke(DelegatingMethodAccessorImpl.java:43)
	at java.base/java.lang.reflect.Method.invoke(Method.java:566)
	at org.junit.runners.model.FrameworkMethod$1.runReflectiveCall(FrameworkMethod.java:50)
	at org.junit.internal.runners.model.ReflectiveCallable.run(ReflectiveCallable.java:12)
	at org.junit.runners.model.FrameworkMethod.invokeExplosively(FrameworkMethod.java:47)
	at org.junit.internal.runners.statements.RunBefores.evaluate(RunBefores.java:24)
	at org.junit.internal.runners.statements.RunAfters.evaluate(RunAfters.java:27)
	at org.junit.rules.TestWatcher$1.evaluate(TestWatcher.java:55)
	at org.junit.rules.RunRules.evaluate(RunRules.java:20)
	at org.junit.runners.ParentRunner.runLeaf(ParentRunner.java:325)
	at org.junit.runners.BlockJUnit4ClassRunner.runChild(BlockJUnit4ClassRunner.java:78)
	at org.junit.runners.BlockJUnit4ClassRunner.runChild(BlockJUnit4ClassRunner.java:57)
	at org.junit.runners.ParentRunner$3.run(ParentRunner.java:290)
	at org.junit.runners.ParentRunner$1.schedule(ParentRunner.java:71)
	at org.junit.runners.ParentRunner.runChildren(ParentRunner.java:288)
	at org.junit.runners.ParentRunner.access$000(ParentRunner.java:58)
	at org.junit.runners.ParentRunner$2.evaluate(ParentRunner.java:268)
	at org.junit.internal.runners.statements.RunBefores.evaluate(RunBefores.java:26)
	at org.junit.internal.runners.statements.RunAfters.evaluate(RunAfters.java:27)
	at org.junit.runners.ParentRunner.run(ParentRunner.java:363)
	at org.apache.maven.surefire.junit4.JUnit4Provider.execute(JUnit4Provider.java:252)
	at org.apache.maven.surefire.junit4.JUnit4Provider.executeTestSet(JUnit4Provider.java:141)
	at org.apache.maven.surefire.junit4.JUnit4Provider.invoke(JUnit4Provider.java:112)
	at java.base/jdk.internal.reflect.NativeMethodAccessorImpl.invoke0(Native Method)
	at java.base/jdk.internal.reflect.NativeMethodAccessorImpl.invoke(NativeMethodAccessorImpl.java:62)
	at java.base/jdk.internal.reflect.DelegatingMethodAccessorImpl.invoke(DelegatingMethodAccessorImpl.java:43)
	at java.base/java.lang.reflect.Method.invoke(Method.java:566)
	at org.apache.maven.surefire.util.ReflectionUtils.invokeMethodWithArray(ReflectionUtils.java:189)
	at org.apache.maven.surefire.booter.ProviderFactory$ProviderProxy.invoke(ProviderFactory.java:165)
	at org.apache.maven.surefire.booter.ProviderFactory.invokeProvider(ProviderFactory.java:85)
	at org.apache.maven.surefire.booter.ForkedBooter.runSuitesInProcess(ForkedBooter.java:115)
	at org.apache.maven.surefire.booter.ForkedBooter.main(ForkedBooter.java:75)
</error>
    <system-out>00:21:37.796 [main] INFO  com.sludev.commons.vfs2.provider.s3.SS3TestWatcher - A003_exist(com.sludev.commons.vfs2.provider.s3.SS3FileProviderTest) failed There were 2 errors:
  java.lang.NoClassDefFoundError(javax/xml/bind/DatatypeConverter)
  java.lang.NoClassDefFoundError(javax/xml/bind/DatatypeConverter)
</system-out>
  </testcase>
  <testcase classname="com.sludev.commons.vfs2.provider.s3.SS3FileProviderTest" name="A003_exist" time="0.006">
    <error message="javax/xml/bind/DatatypeConverter" type="java.lang.NoClassDefFoundError">java.lang.NoClassDefFoundError: javax/xml/bind/DatatypeConverter
	at com.amazonaws.util.Base64.encodeAsString(Base64.java:36)
	at com.amazonaws.auth.AbstractAWSSigner.signAndBase64Encode(AbstractAWSSigner.java:68)
	at com.amazonaws.auth.AbstractAWSSigner.signAndBase64Encode(AbstractAWSSigner.java:57)
	at com.amazonaws.services.s3.internal.S3Signer.sign(S3Signer.java:173)
	at com.amazonaws.http.AmazonHttpClient.executeOneRequest(AmazonHttpClient.java:682)
	at com.amazonaws.http.AmazonHttpClient.executeHelper(AmazonHttpClient.java:462)
	at com.amazonaws.http.AmazonHttpClient.execute(AmazonHttpClient.java:297)
	at com.amazonaws.services.s3.AmazonS3Client.invoke(AmazonS3Client.java:3672)
	at com.amazonaws.services.s3.AmazonS3Client.getObject(AmazonS3Client.java:1160)
	at com.amazonaws.services.s3.AmazonS3Client.getObject(AmazonS3Client.java:1032)
	at com.sludev.commons.vfs2.provider.s3.SS3FileObject.objectExists(SS3FileObject.java:154)
	at com.sludev.commons.vfs2.provider.s3.SS3FileObject.doAttach(SS3FileObject.java:130)
	at org.apache.commons.vfs2.provider.AbstractFileObject.attach(AbstractFileObject.java:1505)
	at org.apache.commons.vfs2.provider.AbstractFileObject.getType(AbstractFileObject.java:489)
	at org.apache.commons.vfs2.provider.AbstractFileObject.exists(AbstractFileObject.java:477)
	at org.apache.commons.vfs2.provider.AbstractFileObject.findFiles(AbstractFileObject.java:1688)
	at org.apache.commons.vfs2.provider.AbstractFileObject.delete(AbstractFileObject.java:888)
	at org.apache.commons.vfs2.provider.AbstractFileObject.delete(AbstractFileObject.java:864)
	at com.sludev.commons.vfs2.provider.s3.SS3TestUtils.deleteFile(SS3TestUtils.java:79)
	at com.sludev.commons.vfs2.provider.s3.SS3FileProviderTest.removeFileSetup02(SS3FileProviderTest.java:439)
	at com.sludev.commons.vfs2.provider.s3.SS3FileProviderTest.tearDown(SS3FileProviderTest.java:101)
	at java.base/jdk.internal.reflect.NativeMethodAccessorImpl.invoke0(Native Method)
	at java.base/jdk.internal.reflect.NativeMethodAccessorImpl.invoke(NativeMethodAccessorImpl.java:62)
	at java.base/jdk.internal.reflect.DelegatingMethodAccessorImpl.invoke(DelegatingMethodAccessorImpl.java:43)
	at java.base/java.lang.reflect.Method.invoke(Method.java:566)
	at org.junit.runners.model.FrameworkMethod$1.runReflectiveCall(FrameworkMethod.java:50)
	at org.junit.internal.runners.model.ReflectiveCallable.run(ReflectiveCallable.java:12)
	at org.junit.runners.model.FrameworkMethod.invokeExplosively(FrameworkMethod.java:47)
	at org.junit.internal.runners.statements.RunAfters.evaluate(RunAfters.java:33)
	at org.junit.rules.TestWatcher$1.evaluate(TestWatcher.java:55)
	at org.junit.rules.RunRules.evaluate(RunRules.java:20)
	at org.junit.runners.ParentRunner.runLeaf(ParentRunner.java:325)
	at org.junit.runners.BlockJUnit4ClassRunner.runChild(BlockJUnit4ClassRunner.java:78)
	at org.junit.runners.BlockJUnit4ClassRunner.runChild(BlockJUnit4ClassRunner.java:57)
	at org.junit.runners.ParentRunner$3.run(ParentRunner.java:290)
	at org.junit.runners.ParentRunner$1.schedule(ParentRunner.java:71)
	at org.junit.runners.ParentRunner.runChildren(ParentRunner.java:288)
	at org.junit.runners.ParentRunner.access$000(ParentRunner.java:58)
	at org.junit.runners.ParentRunner$2.evaluate(ParentRunner.java:268)
	at org.junit.internal.runners.statements.RunBefores.evaluate(RunBefores.java:26)
	at org.junit.internal.runners.statements.RunAfters.evaluate(RunAfters.java:27)
	at org.junit.runners.ParentRunner.run(ParentRunner.java:363)
	at org.apache.maven.surefire.junit4.JUnit4Provider.execute(JUnit4Provider.java:252)
	at org.apache.maven.surefire.junit4.JUnit4Provider.executeTestSet(JUnit4Provider.java:141)
	at org.apache.maven.surefire.junit4.JUnit4Provider.invoke(JUnit4Provider.java:112)
	at java.base/jdk.internal.reflect.NativeMethodAccessorImpl.invoke0(Native Method)
	at java.base/jdk.internal.reflect.NativeMethodAccessorImpl.invoke(NativeMethodAccessorImpl.java:62)
	at java.base/jdk.internal.reflect.DelegatingMethodAccessorImpl.invoke(DelegatingMethodAccessorImpl.java:43)
	at java.base/java.lang.reflect.Method.invoke(Method.java:566)
	at org.apache.maven.surefire.util.ReflectionUtils.invokeMethodWithArray(ReflectionUtils.java:189)
	at org.apache.maven.surefire.booter.ProviderFactory$ProviderProxy.invoke(ProviderFactory.java:165)
	at org.apache.maven.surefire.booter.ProviderFactory.invokeProvider(ProviderFactory.java:85)
	at org.apache.maven.surefire.booter.ForkedBooter.runSuitesInProcess(ForkedBooter.java:115)
	at org.apache.maven.surefire.booter.ForkedBooter.main(ForkedBooter.java:75)
</error>
  </testcase>
  <testcase classname="com.sludev.commons.vfs2.provider.s3.SS3FileProviderTest" name="A004_getContentSize" time="0.006">
    <error message="javax/xml/bind/DatatypeConverter" type="java.lang.NoClassDefFoundError">java.lang.NoClassDefFoundError: javax/xml/bind/DatatypeConverter
	at com.amazonaws.util.Base64.encodeAsString(Base64.java:36)
	at com.amazonaws.auth.AbstractAWSSigner.signAndBase64Encode(AbstractAWSSigner.java:68)
	at com.amazonaws.auth.AbstractAWSSigner.signAndBase64Encode(AbstractAWSSigner.java:57)
	at com.amazonaws.services.s3.internal.S3Signer.sign(S3Signer.java:173)
	at com.amazonaws.http.AmazonHttpClient.executeOneRequest(AmazonHttpClient.java:682)
	at com.amazonaws.http.AmazonHttpClient.executeHelper(AmazonHttpClient.java:462)
	at com.amazonaws.http.AmazonHttpClient.execute(AmazonHttpClient.java:297)
	at com.amazonaws.services.s3.AmazonS3Client.invoke(AmazonS3Client.java:3672)
	at com.amazonaws.services.s3.AmazonS3Client.getObject(AmazonS3Client.java:1160)
	at com.amazonaws.services.s3.AmazonS3Client.getObject(AmazonS3Client.java:1032)
	at com.sludev.commons.vfs2.provider.s3.SS3FileObject.objectExists(SS3FileObject.java:154)
	at com.sludev.commons.vfs2.provider.s3.SS3FileObject.doAttach(SS3FileObject.java:130)
	at org.apache.commons.vfs2.provider.AbstractFileObject.attach(AbstractFileObject.java:1505)
	at org.apache.commons.vfs2.provider.AbstractFileObject.getType(AbstractFileObject.java:489)
	at org.apache.commons.vfs2.provider.AbstractFileObject.exists(AbstractFileObject.java:477)
	at org.apache.commons.vfs2.provider.AbstractFileObject.copyFrom(AbstractFileObject.java:1040)
	at com.sludev.commons.vfs2.provider.s3.SS3TestUtils.uploadFile(SS3TestUtils.java:58)
	at com.sludev.commons.vfs2.provider.s3.SS3FileProviderTest.uploadFileSetup02(SS3FileProviderTest.java:401)
	at com.sludev.commons.vfs2.provider.s3.SS3FileProviderTest.setUp(SS3FileProviderTest.java:80)
	at java.base/jdk.internal.reflect.NativeMethodAccessorImpl.invoke0(Native Method)
	at java.base/jdk.internal.reflect.NativeMethodAccessorImpl.invoke(NativeMethodAccessorImpl.java:62)
	at java.base/jdk.internal.reflect.DelegatingMethodAccessorImpl.invoke(DelegatingMethodAccessorImpl.java:43)
	at java.base/java.lang.reflect.Method.invoke(Method.java:566)
	at org.junit.runners.model.FrameworkMethod$1.runReflectiveCall(FrameworkMethod.java:50)
	at org.junit.internal.runners.model.ReflectiveCallable.run(ReflectiveCallable.java:12)
	at org.junit.runners.model.FrameworkMethod.invokeExplosively(FrameworkMethod.java:47)
	at org.junit.internal.runners.statements.RunBefores.evaluate(RunBefores.java:24)
	at org.junit.internal.runners.statements.RunAfters.evaluate(RunAfters.java:27)
	at org.junit.rules.TestWatcher$1.evaluate(TestWatcher.java:55)
	at org.junit.rules.RunRules.evaluate(RunRules.java:20)
	at org.junit.runners.ParentRunner.runLeaf(ParentRunner.java:325)
	at org.junit.runners.BlockJUnit4ClassRunner.runChild(BlockJUnit4ClassRunner.java:78)
	at org.junit.runners.BlockJUnit4ClassRunner.runChild(BlockJUnit4ClassRunner.java:57)
	at org.junit.runners.ParentRunner$3.run(ParentRunner.java:290)
	at org.junit.runners.ParentRunner$1.schedule(ParentRunner.java:71)
	at org.junit.runners.ParentRunner.runChildren(ParentRunner.java:288)
	at org.junit.runners.ParentRunner.access$000(ParentRunner.java:58)
	at org.junit.runners.ParentRunner$2.evaluate(ParentRunner.java:268)
	at org.junit.internal.runners.statements.RunBefores.evaluate(RunBefores.java:26)
	at org.junit.internal.runners.statements.RunAfters.evaluate(RunAfters.java:27)
	at org.junit.runners.ParentRunner.run(ParentRunner.java:363)
	at org.apache.maven.surefire.junit4.JUnit4Provider.execute(JUnit4Provider.java:252)
	at org.apache.maven.surefire.junit4.JUnit4Provider.executeTestSet(JUnit4Provider.java:141)
	at org.apache.maven.surefire.junit4.JUnit4Provider.invoke(JUnit4Provider.java:112)
	at java.base/jdk.internal.reflect.NativeMethodAccessorImpl.invoke0(Native Method)
	at java.base/jdk.internal.reflect.NativeMethodAccessorImpl.invoke(NativeMethodAccessorImpl.java:62)
	at java.base/jdk.internal.reflect.DelegatingMethodAccessorImpl.invoke(DelegatingMethodAccessorImpl.java:43)
	at java.base/java.lang.reflect.Method.invoke(Method.java:566)
	at org.apache.maven.surefire.util.ReflectionUtils.invokeMethodWithArray(ReflectionUtils.java:189)
	at org.apache.maven.surefire.booter.ProviderFactory$ProviderProxy.invoke(ProviderFactory.java:165)
	at org.apache.maven.surefire.booter.ProviderFactory.invokeProvider(ProviderFactory.java:85)
	at org.apache.maven.surefire.booter.ForkedBooter.runSuitesInProcess(ForkedBooter.java:115)
	at org.apache.maven.surefire.booter.ForkedBooter.main(ForkedBooter.java:75)
</error>
    <system-out>00:21:37.802 [main] INFO  com.sludev.commons.vfs2.provider.s3.SS3TestWatcher - A004_getContentSize(com.sludev.commons.vfs2.provider.s3.SS3FileProviderTest) failed There were 2 errors:
  java.lang.NoClassDefFoundError(javax/xml/bind/DatatypeConverter)
  java.lang.NoClassDefFoundError(javax/xml/bind/DatatypeConverter)
</system-out>
  </testcase>
  <testcase classname="com.sludev.commons.vfs2.provider.s3.SS3FileProviderTest" name="A004_getContentSize" time="0.007">
    <error message="javax/xml/bind/DatatypeConverter" type="java.lang.NoClassDefFoundError">java.lang.NoClassDefFoundError: javax/xml/bind/DatatypeConverter
	at com.amazonaws.util.Base64.encodeAsString(Base64.java:36)
	at com.amazonaws.auth.AbstractAWSSigner.signAndBase64Encode(AbstractAWSSigner.java:68)
	at com.amazonaws.auth.AbstractAWSSigner.signAndBase64Encode(AbstractAWSSigner.java:57)
	at com.amazonaws.services.s3.internal.S3Signer.sign(S3Signer.java:173)
	at com.amazonaws.http.AmazonHttpClient.executeOneRequest(AmazonHttpClient.java:682)
	at com.amazonaws.http.AmazonHttpClient.executeHelper(AmazonHttpClient.java:462)
	at com.amazonaws.http.AmazonHttpClient.execute(AmazonHttpClient.java:297)
	at com.amazonaws.services.s3.AmazonS3Client.invoke(AmazonS3Client.java:3672)
	at com.amazonaws.services.s3.AmazonS3Client.getObject(AmazonS3Client.java:1160)
	at com.amazonaws.services.s3.AmazonS3Client.getObject(AmazonS3Client.java:1032)
	at com.sludev.commons.vfs2.provider.s3.SS3FileObject.objectExists(SS3FileObject.java:154)
	at com.sludev.commons.vfs2.provider.s3.SS3FileObject.doAttach(SS3FileObject.java:130)
	at org.apache.commons.vfs2.provider.AbstractFileObject.attach(AbstractFileObject.java:1505)
	at org.apache.commons.vfs2.provider.AbstractFileObject.getType(AbstractFileObject.java:489)
	at org.apache.commons.vfs2.provider.AbstractFileObject.exists(AbstractFileObject.java:477)
	at org.apache.commons.vfs2.provider.AbstractFileObject.findFiles(AbstractFileObject.java:1688)
	at org.apache.commons.vfs2.provider.AbstractFileObject.delete(AbstractFileObject.java:888)
	at org.apache.commons.vfs2.provider.AbstractFileObject.delete(AbstractFileObject.java:864)
	at com.sludev.commons.vfs2.provider.s3.SS3TestUtils.deleteFile(SS3TestUtils.java:79)
	at com.sludev.commons.vfs2.provider.s3.SS3FileProviderTest.removeFileSetup02(SS3FileProviderTest.java:439)
	at com.sludev.commons.vfs2.provider.s3.SS3FileProviderTest.tearDown(SS3FileProviderTest.java:101)
	at java.base/jdk.internal.reflect.NativeMethodAccessorImpl.invoke0(Native Method)
	at java.base/jdk.internal.reflect.NativeMethodAccessorImpl.invoke(NativeMethodAccessorImpl.java:62)
	at java.base/jdk.internal.reflect.DelegatingMethodAccessorImpl.invoke(DelegatingMethodAccessorImpl.java:43)
	at java.base/java.lang.reflect.Method.invoke(Method.java:566)
	at org.junit.runners.model.FrameworkMethod$1.runReflectiveCall(FrameworkMethod.java:50)
	at org.junit.internal.runners.model.ReflectiveCallable.run(ReflectiveCallable.java:12)
	at org.junit.runners.model.FrameworkMethod.invokeExplosively(FrameworkMethod.java:47)
	at org.junit.internal.runners.statements.RunAfters.evaluate(RunAfters.java:33)
	at org.junit.rules.TestWatcher$1.evaluate(TestWatcher.java:55)
	at org.junit.rules.RunRules.evaluate(RunRules.java:20)
	at org.junit.runners.ParentRunner.runLeaf(ParentRunner.java:325)
	at org.junit.runners.BlockJUnit4ClassRunner.runChild(BlockJUnit4ClassRunner.java:78)
	at org.junit.runners.BlockJUnit4ClassRunner.runChild(BlockJUnit4ClassRunner.java:57)
	at org.junit.runners.ParentRunner$3.run(ParentRunner.java:290)
	at org.junit.runners.ParentRunner$1.schedule(ParentRunner.java:71)
	at org.junit.runners.ParentRunner.runChildren(ParentRunner.java:288)
	at org.junit.runners.ParentRunner.access$000(ParentRunner.java:58)
	at org.junit.runners.ParentRunner$2.evaluate(ParentRunner.java:268)
	at org.junit.internal.runners.statements.RunBefores.evaluate(RunBefores.java:26)
	at org.junit.internal.runners.statements.RunAfters.evaluate(RunAfters.java:27)
	at org.junit.runners.ParentRunner.run(ParentRunner.java:363)
	at org.apache.maven.surefire.junit4.JUnit4Provider.execute(JUnit4Provider.java:252)
	at org.apache.maven.surefire.junit4.JUnit4Provider.executeTestSet(JUnit4Provider.java:141)
	at org.apache.maven.surefire.junit4.JUnit4Provider.invoke(JUnit4Provider.java:112)
	at java.base/jdk.internal.reflect.NativeMethodAccessorImpl.invoke0(Native Method)
	at java.base/jdk.internal.reflect.NativeMethodAccessorImpl.invoke(NativeMethodAccessorImpl.java:62)
	at java.base/jdk.internal.reflect.DelegatingMethodAccessorImpl.invoke(DelegatingMethodAccessorImpl.java:43)
	at java.base/java.lang.reflect.Method.invoke(Method.java:566)
	at org.apache.maven.surefire.util.ReflectionUtils.invokeMethodWithArray(ReflectionUtils.java:189)
	at org.apache.maven.surefire.booter.ProviderFactory$ProviderProxy.invoke(ProviderFactory.java:165)
	at org.apache.maven.surefire.booter.ProviderFactory.invokeProvider(ProviderFactory.java:85)
	at org.apache.maven.surefire.booter.ForkedBooter.runSuitesInProcess(ForkedBooter.java:115)
	at org.apache.maven.surefire.booter.ForkedBooter.main(ForkedBooter.java:75)
</error>
  </testcase>
  <testcase classname="com.sludev.commons.vfs2.provider.s3.SS3FileProviderTest" name="A005_testContent" time="0.004">
    <error message="javax/xml/bind/DatatypeConverter" type="java.lang.NoClassDefFoundError">java.lang.NoClassDefFoundError: javax/xml/bind/DatatypeConverter
	at com.amazonaws.util.Base64.encodeAsString(Base64.java:36)
	at com.amazonaws.auth.AbstractAWSSigner.signAndBase64Encode(AbstractAWSSigner.java:68)
	at com.amazonaws.auth.AbstractAWSSigner.signAndBase64Encode(AbstractAWSSigner.java:57)
	at com.amazonaws.services.s3.internal.S3Signer.sign(S3Signer.java:173)
	at com.amazonaws.http.AmazonHttpClient.executeOneRequest(AmazonHttpClient.java:682)
	at com.amazonaws.http.AmazonHttpClient.executeHelper(AmazonHttpClient.java:462)
	at com.amazonaws.http.AmazonHttpClient.execute(AmazonHttpClient.java:297)
	at com.amazonaws.services.s3.AmazonS3Client.invoke(AmazonS3Client.java:3672)
	at com.amazonaws.services.s3.AmazonS3Client.getObject(AmazonS3Client.java:1160)
	at com.amazonaws.services.s3.AmazonS3Client.getObject(AmazonS3Client.java:1032)
	at com.sludev.commons.vfs2.provider.s3.SS3FileObject.objectExists(SS3FileObject.java:154)
	at com.sludev.commons.vfs2.provider.s3.SS3FileObject.doAttach(SS3FileObject.java:130)
	at org.apache.commons.vfs2.provider.AbstractFileObject.attach(AbstractFileObject.java:1505)
	at org.apache.commons.vfs2.provider.AbstractFileObject.getType(AbstractFileObject.java:489)
	at org.apache.commons.vfs2.provider.AbstractFileObject.exists(AbstractFileObject.java:477)
	at org.apache.commons.vfs2.provider.AbstractFileObject.copyFrom(AbstractFileObject.java:1040)
	at com.sludev.commons.vfs2.provider.s3.SS3TestUtils.uploadFile(SS3TestUtils.java:58)
	at com.sludev.commons.vfs2.provider.s3.SS3FileProviderTest.uploadFileSetup02(SS3FileProviderTest.java:401)
	at com.sludev.commons.vfs2.provider.s3.SS3FileProviderTest.setUp(SS3FileProviderTest.java:80)
	at java.base/jdk.internal.reflect.NativeMethodAccessorImpl.invoke0(Native Method)
	at java.base/jdk.internal.reflect.NativeMethodAccessorImpl.invoke(NativeMethodAccessorImpl.java:62)
	at java.base/jdk.internal.reflect.DelegatingMethodAccessorImpl.invoke(DelegatingMethodAccessorImpl.java:43)
	at java.base/java.lang.reflect.Method.invoke(Method.java:566)
	at org.junit.runners.model.FrameworkMethod$1.runReflectiveCall(FrameworkMethod.java:50)
	at org.junit.internal.runners.model.ReflectiveCallable.run(ReflectiveCallable.java:12)
	at org.junit.runners.model.FrameworkMethod.invokeExplosively(FrameworkMethod.java:47)
	at org.junit.internal.runners.statements.RunBefores.evaluate(RunBefores.java:24)
	at org.junit.internal.runners.statements.RunAfters.evaluate(RunAfters.java:27)
	at org.junit.rules.TestWatcher$1.evaluate(TestWatcher.java:55)
	at org.junit.rules.RunRules.evaluate(RunRules.java:20)
	at org.junit.runners.ParentRunner.runLeaf(ParentRunner.java:325)
	at org.junit.runners.BlockJUnit4ClassRunner.runChild(BlockJUnit4ClassRunner.java:78)
	at org.junit.runners.BlockJUnit4ClassRunner.runChild(BlockJUnit4ClassRunner.java:57)
	at org.junit.runners.ParentRunner$3.run(ParentRunner.java:290)
	at org.junit.runners.ParentRunner$1.schedule(ParentRunner.java:71)
	at org.junit.runners.ParentRunner.runChildren(ParentRunner.java:288)
	at org.junit.runners.ParentRunner.access$000(ParentRunner.java:58)
	at org.junit.runners.ParentRunner$2.evaluate(ParentRunner.java:268)
	at org.junit.internal.runners.statements.RunBefores.evaluate(RunBefores.java:26)
	at org.junit.internal.runners.statements.RunAfters.evaluate(RunAfters.java:27)
	at org.junit.runners.ParentRunner.run(ParentRunner.java:363)
	at org.apache.maven.surefire.junit4.JUnit4Provider.execute(JUnit4Provider.java:252)
	at org.apache.maven.surefire.junit4.JUnit4Provider.executeTestSet(JUnit4Provider.java:141)
	at org.apache.maven.surefire.junit4.JUnit4Provider.invoke(JUnit4Provider.java:112)
	at java.base/jdk.internal.reflect.NativeMethodAccessorImpl.invoke0(Native Method)
	at java.base/jdk.internal.reflect.NativeMethodAccessorImpl.invoke(NativeMethodAccessorImpl.java:62)
	at java.base/jdk.internal.reflect.DelegatingMethodAccessorImpl.invoke(DelegatingMethodAccessorImpl.java:43)
	at java.base/java.lang.reflect.Method.invoke(Method.java:566)
	at org.apache.maven.surefire.util.ReflectionUtils.invokeMethodWithArray(ReflectionUtils.java:189)
	at org.apache.maven.surefire.booter.ProviderFactory$ProviderProxy.invoke(ProviderFactory.java:165)
	at org.apache.maven.surefire.booter.ProviderFactory.invokeProvider(ProviderFactory.java:85)
	at org.apache.maven.surefire.booter.ForkedBooter.runSuitesInProcess(ForkedBooter.java:115)
	at org.apache.maven.surefire.booter.ForkedBooter.main(ForkedBooter.java:75)
</error>
    <system-out>00:21:37.807 [main] INFO  com.sludev.commons.vfs2.provider.s3.SS3TestWatcher - A005_testContent(com.sludev.commons.vfs2.provider.s3.SS3FileProviderTest) failed There were 2 errors:
  java.lang.NoClassDefFoundError(javax/xml/bind/DatatypeConverter)
  java.lang.NoClassDefFoundError(javax/xml/bind/DatatypeConverter)
</system-out>
  </testcase>
  <testcase classname="com.sludev.commons.vfs2.provider.s3.SS3FileProviderTest" name="A005_testContent" time="0.005">
    <error message="javax/xml/bind/DatatypeConverter" type="java.lang.NoClassDefFoundError">java.lang.NoClassDefFoundError: javax/xml/bind/DatatypeConverter
	at com.amazonaws.util.Base64.encodeAsString(Base64.java:36)
	at com.amazonaws.auth.AbstractAWSSigner.signAndBase64Encode(AbstractAWSSigner.java:68)
	at com.amazonaws.auth.AbstractAWSSigner.signAndBase64Encode(AbstractAWSSigner.java:57)
	at com.amazonaws.services.s3.internal.S3Signer.sign(S3Signer.java:173)
	at com.amazonaws.http.AmazonHttpClient.executeOneRequest(AmazonHttpClient.java:682)
	at com.amazonaws.http.AmazonHttpClient.executeHelper(AmazonHttpClient.java:462)
	at com.amazonaws.http.AmazonHttpClient.execute(AmazonHttpClient.java:297)
	at com.amazonaws.services.s3.AmazonS3Client.invoke(AmazonS3Client.java:3672)
	at com.amazonaws.services.s3.AmazonS3Client.getObject(AmazonS3Client.java:1160)
	at com.amazonaws.services.s3.AmazonS3Client.getObject(AmazonS3Client.java:1032)
	at com.sludev.commons.vfs2.provider.s3.SS3FileObject.objectExists(SS3FileObject.java:154)
	at com.sludev.commons.vfs2.provider.s3.SS3FileObject.doAttach(SS3FileObject.java:130)
	at org.apache.commons.vfs2.provider.AbstractFileObject.attach(AbstractFileObject.java:1505)
	at org.apache.commons.vfs2.provider.AbstractFileObject.getType(AbstractFileObject.java:489)
	at org.apache.commons.vfs2.provider.AbstractFileObject.exists(AbstractFileObject.java:477)
	at org.apache.commons.vfs2.provider.AbstractFileObject.findFiles(AbstractFileObject.java:1688)
	at org.apache.commons.vfs2.provider.AbstractFileObject.delete(AbstractFileObject.java:888)
	at org.apache.commons.vfs2.provider.AbstractFileObject.delete(AbstractFileObject.java:864)
	at com.sludev.commons.vfs2.provider.s3.SS3TestUtils.deleteFile(SS3TestUtils.java:79)
	at com.sludev.commons.vfs2.provider.s3.SS3FileProviderTest.removeFileSetup02(SS3FileProviderTest.java:439)
	at com.sludev.commons.vfs2.provider.s3.SS3FileProviderTest.tearDown(SS3FileProviderTest.java:101)
	at java.base/jdk.internal.reflect.NativeMethodAccessorImpl.invoke0(Native Method)
	at java.base/jdk.internal.reflect.NativeMethodAccessorImpl.invoke(NativeMethodAccessorImpl.java:62)
	at java.base/jdk.internal.reflect.DelegatingMethodAccessorImpl.invoke(DelegatingMethodAccessorImpl.java:43)
	at java.base/java.lang.reflect.Method.invoke(Method.java:566)
	at org.junit.runners.model.FrameworkMethod$1.runReflectiveCall(FrameworkMethod.java:50)
	at org.junit.internal.runners.model.ReflectiveCallable.run(ReflectiveCallable.java:12)
	at org.junit.runners.model.FrameworkMethod.invokeExplosively(FrameworkMethod.java:47)
	at org.junit.internal.runners.statements.RunAfters.evaluate(RunAfters.java:33)
	at org.junit.rules.TestWatcher$1.evaluate(TestWatcher.java:55)
	at org.junit.rules.RunRules.evaluate(RunRules.java:20)
	at org.junit.runners.ParentRunner.runLeaf(ParentRunner.java:325)
	at org.junit.runners.BlockJUnit4ClassRunner.runChild(BlockJUnit4ClassRunner.java:78)
	at org.junit.runners.BlockJUnit4ClassRunner.runChild(BlockJUnit4ClassRunner.java:57)
	at org.junit.runners.ParentRunner$3.run(ParentRunner.java:290)
	at org.junit.runners.ParentRunner$1.schedule(ParentRunner.java:71)
	at org.junit.runners.ParentRunner.runChildren(ParentRunner.java:288)
	at org.junit.runners.ParentRunner.access$000(ParentRunner.java:58)
	at org.junit.runners.ParentRunner$2.evaluate(ParentRunner.java:268)
	at org.junit.internal.runners.statements.RunBefores.evaluate(RunBefores.java:26)
	at org.junit.internal.runners.statements.RunAfters.evaluate(RunAfters.java:27)
	at org.junit.runners.ParentRunner.run(ParentRunner.java:363)
	at org.apache.maven.surefire.junit4.JUnit4Provider.execute(JUnit4Provider.java:252)
	at org.apache.maven.surefire.junit4.JUnit4Provider.executeTestSet(JUnit4Provider.java:141)
	at org.apache.maven.surefire.junit4.JUnit4Provider.invoke(JUnit4Provider.java:112)
	at java.base/jdk.internal.reflect.NativeMethodAccessorImpl.invoke0(Native Method)
	at java.base/jdk.internal.reflect.NativeMethodAccessorImpl.invoke(NativeMethodAccessorImpl.java:62)
	at java.base/jdk.internal.reflect.DelegatingMethodAccessorImpl.invoke(DelegatingMethodAccessorImpl.java:43)
	at java.base/java.lang.reflect.Method.invoke(Method.java:566)
	at org.apache.maven.surefire.util.ReflectionUtils.invokeMethodWithArray(ReflectionUtils.java:189)
	at org.apache.maven.surefire.booter.ProviderFactory$ProviderProxy.invoke(ProviderFactory.java:165)
	at org.apache.maven.surefire.booter.ProviderFactory.invokeProvider(ProviderFactory.java:85)
	at org.apache.maven.surefire.booter.ForkedBooter.runSuitesInProcess(ForkedBooter.java:115)
	at org.apache.maven.surefire.booter.ForkedBooter.main(ForkedBooter.java:75)
</error>
  </testcase>
  <testcase classname="com.sludev.commons.vfs2.provider.s3.SS3FileProviderTest" name="A006_deleteFile" time="0.004">
    <error message="javax/xml/bind/DatatypeConverter" type="java.lang.NoClassDefFoundError">java.lang.NoClassDefFoundError: javax/xml/bind/DatatypeConverter
	at com.amazonaws.util.Base64.encodeAsString(Base64.java:36)
	at com.amazonaws.auth.AbstractAWSSigner.signAndBase64Encode(AbstractAWSSigner.java:68)
	at com.amazonaws.auth.AbstractAWSSigner.signAndBase64Encode(AbstractAWSSigner.java:57)
	at com.amazonaws.services.s3.internal.S3Signer.sign(S3Signer.java:173)
	at com.amazonaws.http.AmazonHttpClient.executeOneRequest(AmazonHttpClient.java:682)
	at com.amazonaws.http.AmazonHttpClient.executeHelper(AmazonHttpClient.java:462)
	at com.amazonaws.http.AmazonHttpClient.execute(AmazonHttpClient.java:297)
	at com.amazonaws.services.s3.AmazonS3Client.invoke(AmazonS3Client.java:3672)
	at com.amazonaws.services.s3.AmazonS3Client.getObject(AmazonS3Client.java:1160)
	at com.amazonaws.services.s3.AmazonS3Client.getObject(AmazonS3Client.java:1032)
	at com.sludev.commons.vfs2.provider.s3.SS3FileObject.objectExists(SS3FileObject.java:154)
	at com.sludev.commons.vfs2.provider.s3.SS3FileObject.doAttach(SS3FileObject.java:130)
	at org.apache.commons.vfs2.provider.AbstractFileObject.attach(AbstractFileObject.java:1505)
	at org.apache.commons.vfs2.provider.AbstractFileObject.getType(AbstractFileObject.java:489)
	at org.apache.commons.vfs2.provider.AbstractFileObject.exists(AbstractFileObject.java:477)
	at org.apache.commons.vfs2.provider.AbstractFileObject.copyFrom(AbstractFileObject.java:1040)
	at com.sludev.commons.vfs2.provider.s3.SS3TestUtils.uploadFile(SS3TestUtils.java:58)
	at com.sludev.commons.vfs2.provider.s3.SS3FileProviderTest.uploadFileSetup02(SS3FileProviderTest.java:401)
	at com.sludev.commons.vfs2.provider.s3.SS3FileProviderTest.setUp(SS3FileProviderTest.java:80)
	at java.base/jdk.internal.reflect.NativeMethodAccessorImpl.invoke0(Native Method)
	at java.base/jdk.internal.reflect.NativeMethodAccessorImpl.invoke(NativeMethodAccessorImpl.java:62)
	at java.base/jdk.internal.reflect.DelegatingMethodAccessorImpl.invoke(DelegatingMethodAccessorImpl.java:43)
	at java.base/java.lang.reflect.Method.invoke(Method.java:566)
	at org.junit.runners.model.FrameworkMethod$1.runReflectiveCall(FrameworkMethod.java:50)
	at org.junit.internal.runners.model.ReflectiveCallable.run(ReflectiveCallable.java:12)
	at org.junit.runners.model.FrameworkMethod.invokeExplosively(FrameworkMethod.java:47)
	at org.junit.internal.runners.statements.RunBefores.evaluate(RunBefores.java:24)
	at org.junit.internal.runners.statements.RunAfters.evaluate(RunAfters.java:27)
	at org.junit.rules.TestWatcher$1.evaluate(TestWatcher.java:55)
	at org.junit.rules.RunRules.evaluate(RunRules.java:20)
	at org.junit.runners.ParentRunner.runLeaf(ParentRunner.java:325)
	at org.junit.runners.BlockJUnit4ClassRunner.runChild(BlockJUnit4ClassRunner.java:78)
	at org.junit.runners.BlockJUnit4ClassRunner.runChild(BlockJUnit4ClassRunner.java:57)
	at org.junit.runners.ParentRunner$3.run(ParentRunner.java:290)
	at org.junit.runners.ParentRunner$1.schedule(ParentRunner.java:71)
	at org.junit.runners.ParentRunner.runChildren(ParentRunner.java:288)
	at org.junit.runners.ParentRunner.access$000(ParentRunner.java:58)
	at org.junit.runners.ParentRunner$2.evaluate(ParentRunner.java:268)
	at org.junit.internal.runners.statements.RunBefores.evaluate(RunBefores.java:26)
	at org.junit.internal.runners.statements.RunAfters.evaluate(RunAfters.java:27)
	at org.junit.runners.ParentRunner.run(ParentRunner.java:363)
	at org.apache.maven.surefire.junit4.JUnit4Provider.execute(JUnit4Provider.java:252)
	at org.apache.maven.surefire.junit4.JUnit4Provider.executeTestSet(JUnit4Provider.java:141)
	at org.apache.maven.surefire.junit4.JUnit4Provider.invoke(JUnit4Provider.java:112)
	at java.base/jdk.internal.reflect.NativeMethodAccessorImpl.invoke0(Native Method)
	at java.base/jdk.internal.reflect.NativeMethodAccessorImpl.invoke(NativeMethodAccessorImpl.java:62)
	at java.base/jdk.internal.reflect.DelegatingMethodAccessorImpl.invoke(DelegatingMethodAccessorImpl.java:43)
	at java.base/java.lang.reflect.Method.invoke(Method.java:566)
	at org.apache.maven.surefire.util.ReflectionUtils.invokeMethodWithArray(ReflectionUtils.java:189)
	at org.apache.maven.surefire.booter.ProviderFactory$ProviderProxy.invoke(ProviderFactory.java:165)
	at org.apache.maven.surefire.booter.ProviderFactory.invokeProvider(ProviderFactory.java:85)
	at org.apache.maven.surefire.booter.ForkedBooter.runSuitesInProcess(ForkedBooter.java:115)
	at org.apache.maven.surefire.booter.ForkedBooter.main(ForkedBooter.java:75)
</error>
    <system-out>00:21:37.812 [main] INFO  com.sludev.commons.vfs2.provider.s3.SS3TestWatcher - A006_deleteFile(com.sludev.commons.vfs2.provider.s3.SS3FileProviderTest) failed There were 2 errors:
  java.lang.NoClassDefFoundError(javax/xml/bind/DatatypeConverter)
  java.lang.NoClassDefFoundError(javax/xml/bind/DatatypeConverter)
</system-out>
  </testcase>
  <testcase classname="com.sludev.commons.vfs2.provider.s3.SS3FileProviderTest" name="A006_deleteFile" time="0.005">
    <error message="javax/xml/bind/DatatypeConverter" type="java.lang.NoClassDefFoundError">java.lang.NoClassDefFoundError: javax/xml/bind/DatatypeConverter
	at com.amazonaws.util.Base64.encodeAsString(Base64.java:36)
	at com.amazonaws.auth.AbstractAWSSigner.signAndBase64Encode(AbstractAWSSigner.java:68)
	at com.amazonaws.auth.AbstractAWSSigner.signAndBase64Encode(AbstractAWSSigner.java:57)
	at com.amazonaws.services.s3.internal.S3Signer.sign(S3Signer.java:173)
	at com.amazonaws.http.AmazonHttpClient.executeOneRequest(AmazonHttpClient.java:682)
	at com.amazonaws.http.AmazonHttpClient.executeHelper(AmazonHttpClient.java:462)
	at com.amazonaws.http.AmazonHttpClient.execute(AmazonHttpClient.java:297)
	at com.amazonaws.services.s3.AmazonS3Client.invoke(AmazonS3Client.java:3672)
	at com.amazonaws.services.s3.AmazonS3Client.getObject(AmazonS3Client.java:1160)
	at com.amazonaws.services.s3.AmazonS3Client.getObject(AmazonS3Client.java:1032)
	at com.sludev.commons.vfs2.provider.s3.SS3FileObject.objectExists(SS3FileObject.java:154)
	at com.sludev.commons.vfs2.provider.s3.SS3FileObject.doAttach(SS3FileObject.java:130)
	at org.apache.commons.vfs2.provider.AbstractFileObject.attach(AbstractFileObject.java:1505)
	at org.apache.commons.vfs2.provider.AbstractFileObject.getType(AbstractFileObject.java:489)
	at org.apache.commons.vfs2.provider.AbstractFileObject.exists(AbstractFileObject.java:477)
	at org.apache.commons.vfs2.provider.AbstractFileObject.findFiles(AbstractFileObject.java:1688)
	at org.apache.commons.vfs2.provider.AbstractFileObject.delete(AbstractFileObject.java:888)
	at org.apache.commons.vfs2.provider.AbstractFileObject.delete(AbstractFileObject.java:864)
	at com.sludev.commons.vfs2.provider.s3.SS3TestUtils.deleteFile(SS3TestUtils.java:79)
	at com.sludev.commons.vfs2.provider.s3.SS3FileProviderTest.removeFileSetup02(SS3FileProviderTest.java:439)
	at com.sludev.commons.vfs2.provider.s3.SS3FileProviderTest.tearDown(SS3FileProviderTest.java:101)
	at java.base/jdk.internal.reflect.NativeMethodAccessorImpl.invoke0(Native Method)
	at java.base/jdk.internal.reflect.NativeMethodAccessorImpl.invoke(NativeMethodAccessorImpl.java:62)
	at java.base/jdk.internal.reflect.DelegatingMethodAccessorImpl.invoke(DelegatingMethodAccessorImpl.java:43)
	at java.base/java.lang.reflect.Method.invoke(Method.java:566)
	at org.junit.runners.model.FrameworkMethod$1.runReflectiveCall(FrameworkMethod.java:50)
	at org.junit.internal.runners.model.ReflectiveCallable.run(ReflectiveCallable.java:12)
	at org.junit.runners.model.FrameworkMethod.invokeExplosively(FrameworkMethod.java:47)
	at org.junit.internal.runners.statements.RunAfters.evaluate(RunAfters.java:33)
	at org.junit.rules.TestWatcher$1.evaluate(TestWatcher.java:55)
	at org.junit.rules.RunRules.evaluate(RunRules.java:20)
	at org.junit.runners.ParentRunner.runLeaf(ParentRunner.java:325)
	at org.junit.runners.BlockJUnit4ClassRunner.runChild(BlockJUnit4ClassRunner.java:78)
	at org.junit.runners.BlockJUnit4ClassRunner.runChild(BlockJUnit4ClassRunner.java:57)
	at org.junit.runners.ParentRunner$3.run(ParentRunner.java:290)
	at org.junit.runners.ParentRunner$1.schedule(ParentRunner.java:71)
	at org.junit.runners.ParentRunner.runChildren(ParentRunner.java:288)
	at org.junit.runners.ParentRunner.access$000(ParentRunner.java:58)
	at org.junit.runners.ParentRunner$2.evaluate(ParentRunner.java:268)
	at org.junit.internal.runners.statements.RunBefores.evaluate(RunBefores.java:26)
	at org.junit.internal.runners.statements.RunAfters.evaluate(RunAfters.java:27)
	at org.junit.runners.ParentRunner.run(ParentRunner.java:363)
	at org.apache.maven.surefire.junit4.JUnit4Provider.execute(JUnit4Provider.java:252)
	at org.apache.maven.surefire.junit4.JUnit4Provider.executeTestSet(JUnit4Provider.java:141)
	at org.apache.maven.surefire.junit4.JUnit4Provider.invoke(JUnit4Provider.java:112)
	at java.base/jdk.internal.reflect.NativeMethodAccessorImpl.invoke0(Native Method)
	at java.base/jdk.internal.reflect.NativeMethodAccessorImpl.invoke(NativeMethodAccessorImpl.java:62)
	at java.base/jdk.internal.reflect.DelegatingMethodAccessorImpl.invoke(DelegatingMethodAccessorImpl.java:43)
	at java.base/java.lang.reflect.Method.invoke(Method.java:566)
	at org.apache.maven.surefire.util.ReflectionUtils.invokeMethodWithArray(ReflectionUtils.java:189)
	at org.apache.maven.surefire.booter.ProviderFactory$ProviderProxy.invoke(ProviderFactory.java:165)
	at org.apache.maven.surefire.booter.ProviderFactory.invokeProvider(ProviderFactory.java:85)
	at org.apache.maven.surefire.booter.ForkedBooter.runSuitesInProcess(ForkedBooter.java:115)
	at org.apache.maven.surefire.booter.ForkedBooter.main(ForkedBooter.java:75)
</error>
  </testcase>
  <testcase classname="com.sludev.commons.vfs2.provider.s3.SS3FileProviderTest" name="A007_listChildren" time="0.006">
    <error message="javax/xml/bind/DatatypeConverter" type="java.lang.NoClassDefFoundError">java.lang.NoClassDefFoundError: javax/xml/bind/DatatypeConverter
	at com.amazonaws.util.Base64.encodeAsString(Base64.java:36)
	at com.amazonaws.auth.AbstractAWSSigner.signAndBase64Encode(AbstractAWSSigner.java:68)
	at com.amazonaws.auth.AbstractAWSSigner.signAndBase64Encode(AbstractAWSSigner.java:57)
	at com.amazonaws.services.s3.internal.S3Signer.sign(S3Signer.java:173)
	at com.amazonaws.http.AmazonHttpClient.executeOneRequest(AmazonHttpClient.java:682)
	at com.amazonaws.http.AmazonHttpClient.executeHelper(AmazonHttpClient.java:462)
	at com.amazonaws.http.AmazonHttpClient.execute(AmazonHttpClient.java:297)
	at com.amazonaws.services.s3.AmazonS3Client.invoke(AmazonS3Client.java:3672)
	at com.amazonaws.services.s3.AmazonS3Client.getObject(AmazonS3Client.java:1160)
	at com.amazonaws.services.s3.AmazonS3Client.getObject(AmazonS3Client.java:1032)
	at com.sludev.commons.vfs2.provider.s3.SS3FileObject.objectExists(SS3FileObject.java:154)
	at com.sludev.commons.vfs2.provider.s3.SS3FileObject.doAttach(SS3FileObject.java:130)
	at org.apache.commons.vfs2.provider.AbstractFileObject.attach(AbstractFileObject.java:1505)
	at org.apache.commons.vfs2.provider.AbstractFileObject.getType(AbstractFileObject.java:489)
	at org.apache.commons.vfs2.provider.AbstractFileObject.exists(AbstractFileObject.java:477)
	at org.apache.commons.vfs2.provider.AbstractFileObject.copyFrom(AbstractFileObject.java:1040)
	at com.sludev.commons.vfs2.provider.s3.SS3TestUtils.uploadFile(SS3TestUtils.java:58)
	at com.sludev.commons.vfs2.provider.s3.SS3FileProviderTest.uploadFileSetup02(SS3FileProviderTest.java:401)
	at com.sludev.commons.vfs2.provider.s3.SS3FileProviderTest.setUp(SS3FileProviderTest.java:80)
	at java.base/jdk.internal.reflect.NativeMethodAccessorImpl.invoke0(Native Method)
	at java.base/jdk.internal.reflect.NativeMethodAccessorImpl.invoke(NativeMethodAccessorImpl.java:62)
	at java.base/jdk.internal.reflect.DelegatingMethodAccessorImpl.invoke(DelegatingMethodAccessorImpl.java:43)
	at java.base/java.lang.reflect.Method.invoke(Method.java:566)
	at org.junit.runners.model.FrameworkMethod$1.runReflectiveCall(FrameworkMethod.java:50)
	at org.junit.internal.runners.model.ReflectiveCallable.run(ReflectiveCallable.java:12)
	at org.junit.runners.model.FrameworkMethod.invokeExplosively(FrameworkMethod.java:47)
	at org.junit.internal.runners.statements.RunBefores.evaluate(RunBefores.java:24)
	at org.junit.internal.runners.statements.RunAfters.evaluate(RunAfters.java:27)
	at org.junit.rules.TestWatcher$1.evaluate(TestWatcher.java:55)
	at org.junit.rules.RunRules.evaluate(RunRules.java:20)
	at org.junit.runners.ParentRunner.runLeaf(ParentRunner.java:325)
	at org.junit.runners.BlockJUnit4ClassRunner.runChild(BlockJUnit4ClassRunner.java:78)
	at org.junit.runners.BlockJUnit4ClassRunner.runChild(BlockJUnit4ClassRunner.java:57)
	at org.junit.runners.ParentRunner$3.run(ParentRunner.java:290)
	at org.junit.runners.ParentRunner$1.schedule(ParentRunner.java:71)
	at org.junit.runners.ParentRunner.runChildren(ParentRunner.java:288)
	at org.junit.runners.ParentRunner.access$000(ParentRunner.java:58)
	at org.junit.runners.ParentRunner$2.evaluate(ParentRunner.java:268)
	at org.junit.internal.runners.statements.RunBefores.evaluate(RunBefores.java:26)
	at org.junit.internal.runners.statements.RunAfters.evaluate(RunAfters.java:27)
	at org.junit.runners.ParentRunner.run(ParentRunner.java:363)
	at org.apache.maven.surefire.junit4.JUnit4Provider.execute(JUnit4Provider.java:252)
	at org.apache.maven.surefire.junit4.JUnit4Provider.executeTestSet(JUnit4Provider.java:141)
	at org.apache.maven.surefire.junit4.JUnit4Provider.invoke(JUnit4Provider.java:112)
	at java.base/jdk.internal.reflect.NativeMethodAccessorImpl.invoke0(Native Method)
	at java.base/jdk.internal.reflect.NativeMethodAccessorImpl.invoke(NativeMethodAccessorImpl.java:62)
	at java.base/jdk.internal.reflect.DelegatingMethodAccessorImpl.invoke(DelegatingMethodAccessorImpl.java:43)
	at java.base/java.lang.reflect.Method.invoke(Method.java:566)
	at org.apache.maven.surefire.util.ReflectionUtils.invokeMethodWithArray(ReflectionUtils.java:189)
	at org.apache.maven.surefire.booter.ProviderFactory$ProviderProxy.invoke(ProviderFactory.java:165)
	at org.apache.maven.surefire.booter.ProviderFactory.invokeProvider(ProviderFactory.java:85)
	at org.apache.maven.surefire.booter.ForkedBooter.runSuitesInProcess(ForkedBooter.java:115)
	at org.apache.maven.surefire.booter.ForkedBooter.main(ForkedBooter.java:75)
</error>
    <system-out>00:21:37.819 [main] INFO  com.sludev.commons.vfs2.provider.s3.SS3TestWatcher - A007_listChildren(com.sludev.commons.vfs2.provider.s3.SS3FileProviderTest) failed There were 2 errors:
  java.lang.NoClassDefFoundError(javax/xml/bind/DatatypeConverter)
  java.lang.NoClassDefFoundError(javax/xml/bind/DatatypeConverter)
</system-out>
  </testcase>
  <testcase classname="com.sludev.commons.vfs2.provider.s3.SS3FileProviderTest" name="A007_listChildren" time="0.006">
    <error message="javax/xml/bind/DatatypeConverter" type="java.lang.NoClassDefFoundError">java.lang.NoClassDefFoundError: javax/xml/bind/DatatypeConverter
	at com.amazonaws.util.Base64.encodeAsString(Base64.java:36)
	at com.amazonaws.auth.AbstractAWSSigner.signAndBase64Encode(AbstractAWSSigner.java:68)
	at com.amazonaws.auth.AbstractAWSSigner.signAndBase64Encode(AbstractAWSSigner.java:57)
	at com.amazonaws.services.s3.internal.S3Signer.sign(S3Signer.java:173)
	at com.amazonaws.http.AmazonHttpClient.executeOneRequest(AmazonHttpClient.java:682)
	at com.amazonaws.http.AmazonHttpClient.executeHelper(AmazonHttpClient.java:462)
	at com.amazonaws.http.AmazonHttpClient.execute(AmazonHttpClient.java:297)
	at com.amazonaws.services.s3.AmazonS3Client.invoke(AmazonS3Client.java:3672)
	at com.amazonaws.services.s3.AmazonS3Client.getObject(AmazonS3Client.java:1160)
	at com.amazonaws.services.s3.AmazonS3Client.getObject(AmazonS3Client.java:1032)
	at com.sludev.commons.vfs2.provider.s3.SS3FileObject.objectExists(SS3FileObject.java:154)
	at com.sludev.commons.vfs2.provider.s3.SS3FileObject.doAttach(SS3FileObject.java:130)
	at org.apache.commons.vfs2.provider.AbstractFileObject.attach(AbstractFileObject.java:1505)
	at org.apache.commons.vfs2.provider.AbstractFileObject.getType(AbstractFileObject.java:489)
	at org.apache.commons.vfs2.provider.AbstractFileObject.exists(AbstractFileObject.java:477)
	at org.apache.commons.vfs2.provider.AbstractFileObject.findFiles(AbstractFileObject.java:1688)
	at org.apache.commons.vfs2.provider.AbstractFileObject.delete(AbstractFileObject.java:888)
	at org.apache.commons.vfs2.provider.AbstractFileObject.delete(AbstractFileObject.java:864)
	at com.sludev.commons.vfs2.provider.s3.SS3TestUtils.deleteFile(SS3TestUtils.java:79)
	at com.sludev.commons.vfs2.provider.s3.SS3FileProviderTest.removeFileSetup02(SS3FileProviderTest.java:439)
	at com.sludev.commons.vfs2.provider.s3.SS3FileProviderTest.tearDown(SS3FileProviderTest.java:101)
	at java.base/jdk.internal.reflect.NativeMethodAccessorImpl.invoke0(Native Method)
	at java.base/jdk.internal.reflect.NativeMethodAccessorImpl.invoke(NativeMethodAccessorImpl.java:62)
	at java.base/jdk.internal.reflect.DelegatingMethodAccessorImpl.invoke(DelegatingMethodAccessorImpl.java:43)
	at java.base/java.lang.reflect.Method.invoke(Method.java:566)
	at org.junit.runners.model.FrameworkMethod$1.runReflectiveCall(FrameworkMethod.java:50)
	at org.junit.internal.runners.model.ReflectiveCallable.run(ReflectiveCallable.java:12)
	at org.junit.runners.model.FrameworkMethod.invokeExplosively(FrameworkMethod.java:47)
	at org.junit.internal.runners.statements.RunAfters.evaluate(RunAfters.java:33)
	at org.junit.rules.TestWatcher$1.evaluate(TestWatcher.java:55)
	at org.junit.rules.RunRules.evaluate(RunRules.java:20)
	at org.junit.runners.ParentRunner.runLeaf(ParentRunner.java:325)
	at org.junit.runners.BlockJUnit4ClassRunner.runChild(BlockJUnit4ClassRunner.java:78)
	at org.junit.runners.BlockJUnit4ClassRunner.runChild(BlockJUnit4ClassRunner.java:57)
	at org.junit.runners.ParentRunner$3.run(ParentRunner.java:290)
	at org.junit.runners.ParentRunner$1.schedule(ParentRunner.java:71)
	at org.junit.runners.ParentRunner.runChildren(ParentRunner.java:288)
	at org.junit.runners.ParentRunner.access$000(ParentRunner.java:58)
	at org.junit.runners.ParentRunner$2.evaluate(ParentRunner.java:268)
	at org.junit.internal.runners.statements.RunBefores.evaluate(RunBefores.java:26)
	at org.junit.internal.runners.statements.RunAfters.evaluate(RunAfters.java:27)
	at org.junit.runners.ParentRunner.run(ParentRunner.java:363)
	at org.apache.maven.surefire.junit4.JUnit4Provider.execute(JUnit4Provider.java:252)
	at org.apache.maven.surefire.junit4.JUnit4Provider.executeTestSet(JUnit4Provider.java:141)
	at org.apache.maven.surefire.junit4.JUnit4Provider.invoke(JUnit4Provider.java:112)
	at java.base/jdk.internal.reflect.NativeMethodAccessorImpl.invoke0(Native Method)
	at java.base/jdk.internal.reflect.NativeMethodAccessorImpl.invoke(NativeMethodAccessorImpl.java:62)
	at java.base/jdk.internal.reflect.DelegatingMethodAccessorImpl.invoke(DelegatingMethodAccessorImpl.java:43)
	at java.base/java.lang.reflect.Method.invoke(Method.java:566)
	at org.apache.maven.surefire.util.ReflectionUtils.invokeMethodWithArray(ReflectionUtils.java:189)
	at org.apache.maven.surefire.booter.ProviderFactory$ProviderProxy.invoke(ProviderFactory.java:165)
	at org.apache.maven.surefire.booter.ProviderFactory.invokeProvider(ProviderFactory.java:85)
	at org.apache.maven.surefire.booter.ForkedBooter.runSuitesInProcess(ForkedBooter.java:115)
	at org.apache.maven.surefire.booter.ForkedBooter.main(ForkedBooter.java:75)
</error>
  </testcase>
</testsuite>